2026-02-26 01:19:14: {"level":"info","message":"Express API running on port 3000 in production mode","service":"express-postgresql-api","timestamp":"2026-02-26 01:19:14"}
2026-02-26 01:19:14: {"level":"info","message":"API Docs: http://localhost:3000/api-docs","service":"express-postgresql-api","timestamp":"2026-02-26 01:19:14"}
2026-02-26 01:30:18: {"level":"info","message":"SIGINT received — shutting down gracefully","service":"express-postgresql-api","timestamp":"2026-02-26 01:30:18"}
2026-02-26 01:30:58: {"level":"info","message":"Express API running on port 3000 in production mode","service":"express-postgresql-api","timestamp":"2026-02-26 01:30:58"}
2026-02-26 01:30:58: {"level":"info","message":"API Docs: http://localhost:3000/api-docs","service":"express-postgresql-api","timestamp":"2026-02-26 01:30:58"}
2026-02-26 01:31:54: {"level":"info","message":"SIGINT received — shutting down gracefully","service":"express-postgresql-api","timestamp":"2026-02-26 01:31:54"}
2026-02-26 01:35:37: {"level":"info","message":"Express API running on port 3000 in production mode","service":"express-postgresql-api","timestamp":"2026-02-26 01:35:37"}
2026-02-26 01:35:37: {"level":"info","message":"API Docs: http://localhost:3000/api-docs","service":"express-postgresql-api","timestamp":"2026-02-26 01:35:37"}
2026-02-26 01:35:39: {"level":"info","message":"SIGINT received — shutting down gracefully","service":"express-postgresql-api","timestamp":"2026-02-26 01:35:39"}
2026-02-26 01:35:40: {"level":"info","message":"Express API running on port 3000 in production mode","service":"express-postgresql-api","timestamp":"2026-02-26 01:35:40"}
2026-02-26 01:35:40: {"level":"info","message":"API Docs: http://localhost:3000/api-docs","service":"express-postgresql-api","timestamp":"2026-02-26 01:35:40"}
2026-02-26 01:36:23: {"level":"info","message":"SIGINT received — shutting down gracefully","service":"express-postgresql-api","timestamp":"2026-02-26 01:36:23"}
2026-02-26 01:38:18: {"level":"info","message":"Express API running on port 3000 in production mode","service":"express-postgresql-api","timestamp":"2026-02-26 01:38:18"}
2026-02-26 01:38:18: {"level":"info","message":"API Docs: http://localhost:3000/api-docs","service":"express-postgresql-api","timestamp":"2026-02-26 01:38:18"}
2026-02-26 01:38:44: {"level":"info","message":"SIGINT received — shutting down gracefully","service":"express-postgresql-api","timestamp":"2026-02-26 01:38:44"}
2026-02-26 01:40:42: {"level":"info","message":"Express API running on port 3000 in production mode","service":"express-postgresql-api","timestamp":"2026-02-26 01:40:42"}
2026-02-26 01:40:42: {"level":"info","message":"API Docs: http://localhost:3000/api-docs","service":"express-postgresql-api","timestamp":"2026-02-26 01:40:42"}
2026-02-26 01:41:06: {"level":"info","message":"SIGINT received — shutting down gracefully","service":"express-postgresql-api","timestamp":"2026-02-26 01:41:06"}
2026-02-26 01:42:09: 01:42:09 [[32MINFO[39M] Express API running on port 3000 in development mode
2026-02-26 01:42:09: 01:42:09 [[32MINFO[39M] API Docs: http://localhost:3000/api-docs
2026-02-26 01:43:09: 01:43:09 [[32MINFO[39M] SIGINT received — shutting down gracefully
2026-02-26 01:43:29: {"level":"info","message":"Express API running on port 3000 in production mode","service":"express-postgresql-api","timestamp":"2026-02-26 01:43:29"}
2026-02-26 01:43:29: {"level":"info","message":"API Docs: http://localhost:3000/api-docs","service":"express-postgresql-api","timestamp":"2026-02-26 01:43:29"}
2026-02-26 01:45:50: {"level":"info","message":"SIGINT received — shutting down gracefully","service":"express-postgresql-api","timestamp":"2026-02-26 01:45:50"}
2026-02-26 01:45:56: {"level":"info","message":"Express API running on port 3000 in production mode","service":"express-postgresql-api","timestamp":"2026-02-26 01:45:56"}
2026-02-26 01:45:56: {"level":"info","message":"API Docs: http://localhost:3000/api-docs","service":"express-postgresql-api","timestamp":"2026-02-26 01:45:56"}
2026-02-26 01:46:19: {"level":"info","message":"Express API running on port 3000 in production mode","service":"express-postgresql-api","timestamp":"2026-02-26 01:46:19"}
2026-02-26 01:46:19: {"level":"info","message":"API Docs: http://localhost:3000/api-docs","service":"express-postgresql-api","timestamp":"2026-02-26 01:46:19"}
2026-02-26 01:46:19: {"level":"info","message":"SIGINT received — shutting down gracefully","service":"express-postgresql-api","timestamp":"2026-02-26 01:46:19"}
2026-02-26 01:46:36: {"level":"info","message":"SIGINT received — shutting down gracefully","service":"express-postgresql-api","timestamp":"2026-02-26 01:46:36"}
2026-02-26 01:46:36: {"level":"info","message":"Express API running on port 3000 in production mode","service":"express-postgresql-api","timestamp":"2026-02-26 01:46:36"}
2026-02-26 01:46:36: {"level":"info","message":"API Docs: http://localhost:3000/api-docs","service":"express-postgresql-api","timestamp":"2026-02-26 01:46:36"}
2026-02-26 01:46:43: {"level":"info","message":"SIGINT received — shutting down gracefully","service":"express-postgresql-api","timestamp":"2026-02-26 01:46:43"}
2026-02-26 01:47:13: {"level":"info","message":"Express API running on port 3000 in production mode","service":"express-postgresql-api","timestamp":"2026-02-26 01:47:13"}
2026-02-26 01:47:13: {"level":"info","message":"API Docs: http://localhost:3000/api-docs","service":"express-postgresql-api","timestamp":"2026-02-26 01:47:13"}
2026-02-26 01:47:48: {"level":"info","message":"SIGINT received — shutting down gracefully","service":"express-postgresql-api","timestamp":"2026-02-26 01:47:48"}
2026-02-26 01:56:13: {"level":"info","message":"Express API running on port 3000 in production mode","service":"express-postgresql-api","timestamp":"2026-02-26 01:56:13"}
2026-02-26 01:56:13: {"level":"info","message":"API Docs: http://localhost:3000/api-docs","service":"express-postgresql-api","timestamp":"2026-02-26 01:56:13"}
2026-02-26 01:56:32: {"level":"info","message":"SIGINT received — shutting down gracefully","service":"express-postgresql-api","timestamp":"2026-02-26 01:56:32"}
2026-02-26 01:58:07: {"level":"info","message":"Express API running on port 3000 in production mode","service":"express-postgresql-api","timestamp":"2026-02-26 01:58:07"}
2026-02-26 01:58:07: {"level":"info","message":"API Docs: http://localhost:3000/api-docs","service":"express-postgresql-api","timestamp":"2026-02-26 01:58:07"}
2026-02-26 02:01:09: {"level":"info","message":"SIGINT received — shutting down gracefully","service":"express-postgresql-api","timestamp":"2026-02-26 02:01:09"}
2026-02-26 02:07:48: {"level":"info","message":"Express API running on port 3000 in production mode","service":"express-postgresql-api","timestamp":"2026-02-26 02:07:48"}
2026-02-26 02:07:48: {"level":"info","message":"API Docs: http://localhost:3000/api-docs","service":"express-postgresql-api","timestamp":"2026-02-26 02:07:48"}
2026-02-26 02:08:43: {"level":"info","message":"SIGINT received — shutting down gracefully","service":"express-postgresql-api","timestamp":"2026-02-26 02:08:43"}
2026-02-26 02:49:09: {"level":"info","message":"Express API running on port 3000 in production mode","service":"express-postgresql-api","timestamp":"2026-02-26 02:49:09"}
2026-02-26 02:49:09: {"level":"info","message":"API Docs: http://localhost:3000/api-docs","service":"express-postgresql-api","timestamp":"2026-02-26 02:49:09"}
2026-02-26 02:49:59: {"level":"info","message":"SIGINT received — shutting down gracefully","service":"express-postgresql-api","timestamp":"2026-02-26 02:49:59"}
