[2026-02-18 12:18:51] [INFO] Script started
[2026-02-18 12:18:51] [INFO] nvm already installed
[2026-02-18 12:18:51] [INFO] Installing Node.js v18.19.0...
[2026-02-18 12:19:01] [INFO] Node.js v18.19.0 installed
[2026-02-18 12:19:01] [INFO] Installing Node.js v20.11.0...
[2026-02-18 12:19:21] [INFO] Node.js v20.11.0 installed
[2026-02-18 12:19:21] [INFO] Installing Node.js v22.0.0...
[2026-02-18 12:19:31] [INFO] Node.js v22.0.0 installed
[2026-02-18 12:19:31] [INFO] Setting Node.js v20.11.0 as default...
[2026-02-18 12:19:32] [INFO] .nvmrc created with default version v20.11.0
[2026-02-18 12:19:32] [INFO] Verifying Node.js installation...
v20.11.0
10.2.4
[2026-02-18 12:19:33] [INFO] Script completed successfully
[2026-02-18 12:33:55] [INFO] Script started
[2026-02-18 12:33:55] [INFO] nvm already installed
[2026-02-18 12:33:56] [INFO] Installing Node.js v18.19.0...
[2026-02-18 12:33:59] [INFO] Node.js v18.19.0 installed
[2026-02-18 12:33:59] [INFO] Installing Node.js v20.11.0...
[2026-02-18 12:34:01] [INFO] Node.js v20.11.0 installed
[2026-02-18 12:34:01] [INFO] Installing Node.js v22.0.0...
[2026-02-18 12:34:03] [INFO] Node.js v22.0.0 installed
[2026-02-18 12:34:03] [INFO] Setting Node.js v20.11.0 as default...
[2026-02-18 12:34:03] [INFO] .nvmrc created with default version v20.11.0
[2026-02-18 12:34:03] [INFO] Verifying Node.js installation...
v20.11.0
10.2.4
[2026-02-18 12:34:05] [INFO] Script completed successfully
[2026-02-18 12:35:54] [INFO] Script started
[2026-02-18 12:35:54] [INFO] nvm already installed
[2026-02-18 12:35:54] [INFO] Installing Node.js v18.19.0...
[2026-02-18 12:35:56] [INFO] Node.js v18.19.0 installed
[2026-02-18 12:35:56] [INFO] Installing Node.js v20.11.0...
[2026-02-18 12:35:59] [INFO] Node.js v20.11.0 installed
[2026-02-18 12:35:59] [INFO] Installing Node.js v22.0.0...
[2026-02-18 12:36:01] [INFO] Node.js v22.0.0 installed
[2026-02-18 12:36:01] [INFO] Setting Node.js v20.11.0 as default...
[2026-02-18 12:36:02] [INFO] .nvmrc created with default version v20.11.0
[2026-02-18 12:36:02] [INFO] Verifying Node.js installation...
v20.11.0
10.2.4
[2026-02-18 12:36:03] [INFO] Script completed successfully
