[2026-02-15 02:40:13] [INFO] Zone generation started
[2026-02-15 02:40:13] [INFO] Backup created: dns_backup_20260215_024013.tar.gz
[2026-02-15 02:40:13] [INFO] Zones deployed successfully
[2026-02-15 02:40:13] [INFO] Zone generation completed with serial 2026021501
[2026-02-15 03:24:32] [INFO] Zone generation started
[2026-02-15 03:24:32] [INFO] Backup created: dns_backup_20260215_032432.tar.gz
[2026-02-15 03:24:33] [INFO] Zones deployed successfully
[2026-02-15 03:24:33] [INFO] Zone generation completed with serial 2026021501
[2026-02-15 03:40:25] [INFO] Zone generation started
[2026-02-15 03:40:25] [INFO] Backup created: dns_backup_20260215_034025.tar.gz
[2026-02-15 03:40:25] [INFO] Zones deployed successfully with correct permissions
[2026-02-15 03:40:25] [INFO] Zone generation completed with serial 2026021501
[2026-02-15 03:46:19] [INFO] Zone generation started
[2026-02-15 03:46:19] [INFO] Backup created: dns_backup_20260215_034619.tar.gz
[2026-02-15 03:46:19] [INFO] Zones deployed successfully with correct permissions
[2026-02-15 03:46:19] [INFO] Zone generation completed with serial 2026021501
[2026-02-15 03:50:40] [INFO] Zone generation started
[2026-02-15 03:50:40] [INFO] Backup created: dns_backup_20260215_035040.tar.gz
[2026-02-15 03:50:40] [INFO] Zones deployed successfully with correct permissions
[2026-02-15 03:50:40] [INFO] Zone generation completed with serial 2026021501
